This is pdfTeX, Version 3.1415926-2.4-1.40.13 (TeX Live 2012) (format=pdflatex 2012.6.30)  28 DEC 2014 11:59
entering extended mode
 restricted \write18 enabled.
 file:line:error style messages enabled.
 %&-line parsing enabled.
**Writeup1.tex
(./Writeup1.tex
LaTeX2e <2011/06/27>
Babel <v3.8m> and hyphenation patterns for english, dumylang, nohyphenation, ge
rman-x-2012-05-30, ngerman-x-2012-05-30, afrikaans, ancientgreek, ibycus, arabi
c, armenian, basque, bulgarian, catalan, pinyin, coptic, croatian, czech, danis
h, dutch, ukenglish, usenglishmax, esperanto, estonian, ethiopic, farsi, finnis
h, french, friulan, galician, german, ngerman, swissgerman, monogreek, greek, h
ungarian, icelandic, assamese, bengali, gujarati, hindi, kannada, malayalam, ma
rathi, oriya, panjabi, tamil, telugu, indonesian, interlingua, irish, italian, 
kurmanji, latin, latvian, lithuanian, mongolian, mongolianlmc, bokmal, nynorsk,
 polish, portuguese, romanian, romansh, russian, sanskrit, serbian, serbianc, s
lovak, slovenian, spanish, swedish, turkish, turkmen, ukrainian, uppersorbian, 
welsh, loaded.
(/usr/local/texlive/2012/texmf-dist/tex/latex/base/article.cls
Document Class: article 2007/10/19 v1.4h Standard LaTeX document class
(/usr/local/texlive/2012/texmf-dist/tex/latex/base/size10.clo
File: size10.clo 2007/10/19 v1.4h Standard LaTeX file (size option)
)
\c@part=\count79
\c@section=\count80
\c@subsection=\count81
\c@subsubsection=\count82
\c@paragraph=\count83
\c@subparagraph=\count84
\c@figure=\count85
\c@table=\count86
\abovecaptionskip=\skip41
\belowcaptionskip=\skip42
\bibindent=\dimen102
)
(/usr/local/texlive/2012/texmf-dist/tex/latex/graphics/graphicx.sty
Package: graphicx 1999/02/16 v1.0f Enhanced LaTeX Graphics (DPC,SPQR)

(/usr/local/texlive/2012/texmf-dist/tex/latex/graphics/keyval.sty
Package: keyval 1999/03/16 v1.13 key=value parser (DPC)
\KV@toks@=\toks14
)
(/usr/local/texlive/2012/texmf-dist/tex/latex/graphics/graphics.sty
Package: graphics 2009/02/05 v1.0o Standard LaTeX Graphics (DPC,SPQR)

(/usr/local/texlive/2012/texmf-dist/tex/latex/graphics/trig.sty
Package: trig 1999/03/16 v1.09 sin cos tan (DPC)
)
(/usr/local/texlive/2012/texmf-dist/tex/latex/latexconfig/graphics.cfg
File: graphics.cfg 2010/04/23 v1.9 graphics configuration of TeX Live
)
Package graphics Info: Driver file: pdftex.def on input line 91.

(/usr/local/texlive/2012/texmf-dist/tex/latex/pdftex-def/pdftex.def
File: pdftex.def 2011/05/27 v0.06d Graphics/color for pdfTeX

(/usr/local/texlive/2012/texmf-dist/tex/generic/oberdiek/infwarerr.sty
Package: infwarerr 2010/04/08 v1.3 Providing info/warning/error messages (HO)
)
(/usr/local/texlive/2012/texmf-dist/tex/generic/oberdiek/ltxcmds.sty
Package: ltxcmds 2011/11/09 v1.22 LaTeX kernel commands for general use (HO)
)
\Gread@gobject=\count87
))
\Gin@req@height=\dimen103
\Gin@req@width=\dimen104
)
(/usr/local/texlive/2012/texmf-dist/tex/latex/graphics/color.sty
Package: color 2005/11/14 v1.0j Standard LaTeX Color (DPC)

(/usr/local/texlive/2012/texmf-dist/tex/latex/latexconfig/color.cfg
File: color.cfg 2007/01/18 v1.5 color configuration of teTeX/TeXLive
)
Package color Info: Driver file: pdftex.def on input line 130.
)
(/usr/local/texlive/2012/texmf-dist/tex/latex/framed/framed.sty
Package: framed 2011/10/22 v 0.96: framed or shaded text with page breaks
\OuterFrameSep=\skip43
\fb@frw=\dimen105
\fb@frh=\dimen106
\FrameRule=\dimen107
\FrameSep=\dimen108
)
(/usr/local/texlive/2012/texmf-dist/tex/latex/base/alltt.sty
Package: alltt 1997/06/16 v2.0g defines alltt environment
)
(/usr/local/texlive/2012/texmf-dist/tex/latex/fancyhdr/fancyhdr.sty
\fancy@headwidth=\skip44
\f@ncyO@elh=\skip45
\f@ncyO@erh=\skip46
\f@ncyO@olh=\skip47
\f@ncyO@orh=\skip48
\f@ncyO@elf=\skip49
\f@ncyO@erf=\skip50
\f@ncyO@olf=\skip51
\f@ncyO@orf=\skip52
)
(/usr/local/texlive/2012/texmf-dist/tex/latex/amscls/amsthm.sty
Package: amsthm 2009/07/02 v2.20.1
\thm@style=\toks15
\thm@bodyfont=\toks16
\thm@headfont=\toks17
\thm@notefont=\toks18
\thm@headpunct=\toks19
\thm@preskip=\skip53
\thm@postskip=\skip54
\thm@headsep=\skip55
\dth@everypar=\toks20
)
(/usr/local/texlive/2012/texmf-dist/tex/latex/amsmath/amsmath.sty
Package: amsmath 2000/07/18 v2.13 AMS math features
\@mathmargin=\skip56

For additional information on amsmath, use the `?' option.
(/usr/local/texlive/2012/texmf-dist/tex/latex/amsmath/amstext.sty
Package: amstext 2000/06/29 v2.01

(/usr/local/texlive/2012/texmf-dist/tex/latex/amsmath/amsgen.sty
File: amsgen.sty 1999/11/30 v2.0
\@emptytoks=\toks21
\ex@=\dimen109
))
(/usr/local/texlive/2012/texmf-dist/tex/latex/amsmath/amsbsy.sty
Package: amsbsy 1999/11/29 v1.2d
\pmbraise@=\dimen110
)
(/usr/local/texlive/2012/texmf-dist/tex/latex/amsmath/amsopn.sty
Package: amsopn 1999/12/14 v2.01 operator names
)
\inf@bad=\count88
LaTeX Info: Redefining \frac on input line 211.
\uproot@=\count89
\leftroot@=\count90
LaTeX Info: Redefining \overline on input line 307.
\classnum@=\count91
\DOTSCASE@=\count92
LaTeX Info: Redefining \ldots on input line 379.
LaTeX Info: Redefining \dots on input line 382.
LaTeX Info: Redefining \cdots on input line 467.
\Mathstrutbox@=\box26
\strutbox@=\box27
\big@size=\dimen111
LaTeX Font Info:    Redeclaring font encoding OML on input line 567.
LaTeX Font Info:    Redeclaring font encoding OMS on input line 568.
\macc@depth=\count93
\c@MaxMatrixCols=\count94
\dotsspace@=\muskip10
\c@parentequation=\count95
\dspbrk@lvl=\count96
\tag@help=\toks22
\row@=\count97
\column@=\count98
\maxfields@=\count99
\andhelp@=\toks23
\eqnshift@=\dimen112
\alignsep@=\dimen113
\tagshift@=\dimen114
\tagwidth@=\dimen115
\totwidth@=\dimen116
\lineht@=\dimen117
\@envbody=\toks24
\multlinegap=\skip57
\multlinetaggap=\skip58
\mathdisplay@stack=\toks25
LaTeX Info: Redefining \[ on input line 2666.
LaTeX Info: Redefining \] on input line 2667.
)
(/usr/local/texlive/2012/texmf-dist/tex/latex/wrapfig/wrapfig.sty
\wrapoverhang=\dimen118
\WF@size=\dimen119
\c@WF@wrappedlines=\count100
\WF@box=\box28
\WF@everypar=\toks26
Package: wrapfig 2003/01/31  v 3.6
)
(/usr/local/texlive/2012/texmf-dist/tex/latex/float/float.sty
Package: float 2001/11/08 v1.3d Float enhancements (AL)
\c@float@type=\count101
\float@exts=\toks27
\float@box=\box29
\@float@everytoks=\toks28
\@floatcapt=\box30
)
(/usr/local/texlive/2012/texmf-dist/tex/latex/geometry/geometry.sty
Package: geometry 2010/09/12 v5.6 Page Geometry

(/usr/local/texlive/2012/texmf-dist/tex/generic/oberdiek/ifpdf.sty
Package: ifpdf 2011/01/30 v2.3 Provides the ifpdf switch (HO)
Package ifpdf Info: pdfTeX in PDF mode is detected.
)
(/usr/local/texlive/2012/texmf-dist/tex/generic/oberdiek/ifvtex.sty
Package: ifvtex 2010/03/01 v1.5 Detect VTeX and its facilities (HO)
Package ifvtex Info: VTeX not detected.
)
(/usr/local/texlive/2012/texmf-dist/tex/generic/ifxetex/ifxetex.sty
Package: ifxetex 2010/09/12 v0.6 Provides ifxetex conditional
)
\Gm@cnth=\count102
\Gm@cntv=\count103
\c@Gm@tempcnt=\count104
\Gm@bindingoffset=\dimen120
\Gm@wd@mp=\dimen121
\Gm@odd@mp=\dimen122
\Gm@even@mp=\dimen123
\Gm@layoutwidth=\dimen124
\Gm@layoutheight=\dimen125
\Gm@layouthoffset=\dimen126
\Gm@layoutvoffset=\dimen127
\Gm@dimlist=\toks29
)
(/usr/local/texlive/2012/texmf-dist/tex/latex/upquote/upquote.sty
Package: upquote 2012/04/19 v1.3 upright-quote and grave-accent glyphs in verba
tim
)

LaTeX Warning: Unused global option(s):
    [english].

(./Writeup1.aux)
\openout1 = `Writeup1.aux'.

LaTeX Font Info:    Checking defaults for OML/cmm/m/it on input line 64.
LaTeX Font Info:    ... okay on input line 64.
LaTeX Font Info:    Checking defaults for T1/cmr/m/n on input line 64.
LaTeX Font Info:    ... okay on input line 64.
LaTeX Font Info:    Checking defaults for OT1/cmr/m/n on input line 64.
LaTeX Font Info:    ... okay on input line 64.
LaTeX Font Info:    Checking defaults for OMS/cmsy/m/n on input line 64.
LaTeX Font Info:    ... okay on input line 64.
LaTeX Font Info:    Checking defaults for OMX/cmex/m/n on input line 64.
LaTeX Font Info:    ... okay on input line 64.
LaTeX Font Info:    Checking defaults for U/cmr/m/n on input line 64.
LaTeX Font Info:    ... okay on input line 64.

(/usr/local/texlive/2012/texmf-dist/tex/context/base/supp-pdf.mkii
[Loading MPS to PDF converter (version 2006.09.02).]
\scratchcounter=\count105
\scratchdimen=\dimen128
\scratchbox=\box31
\nofMPsegments=\count106
\nofMParguments=\count107
\everyMPshowfont=\toks30
\MPscratchCnt=\count108
\MPscratchDim=\dimen129
\MPnumerator=\count109
\makeMPintoPDFobject=\count110
\everyMPtoPDFconversion=\toks31
) (/usr/local/texlive/2012/texmf-dist/tex/generic/oberdiek/pdftexcmds.sty
Package: pdftexcmds 2011/11/29 v0.20 Utility functions of pdfTeX for LuaTeX (HO
)

(/usr/local/texlive/2012/texmf-dist/tex/generic/oberdiek/ifluatex.sty
Package: ifluatex 2010/03/01 v1.3 Provides the ifluatex switch (HO)
Package ifluatex Info: LuaTeX not detected.
)
Package pdftexcmds Info: LuaTeX not detected.
Package pdftexcmds Info: \pdf@primitive is available.
Package pdftexcmds Info: \pdf@ifprimitive is available.
Package pdftexcmds Info: \pdfdraftmode found.
)
(/usr/local/texlive/2012/texmf-dist/tex/latex/oberdiek/epstopdf-base.sty
Package: epstopdf-base 2010/02/09 v2.5 Base part for package epstopdf

(/usr/local/texlive/2012/texmf-dist/tex/latex/oberdiek/grfext.sty
Package: grfext 2010/08/19 v1.1 Manage graphics extensions (HO)

(/usr/local/texlive/2012/texmf-dist/tex/generic/oberdiek/kvdefinekeys.sty
Package: kvdefinekeys 2011/04/07 v1.3 Define keys (HO)
))
(/usr/local/texlive/2012/texmf-dist/tex/latex/oberdiek/kvoptions.sty
Package: kvoptions 2011/06/30 v3.11 Key value format for package options (HO)

(/usr/local/texlive/2012/texmf-dist/tex/generic/oberdiek/kvsetkeys.sty
Package: kvsetkeys 2012/04/25 v1.16 Key value parser (HO)

(/usr/local/texlive/2012/texmf-dist/tex/generic/oberdiek/etexcmds.sty
Package: etexcmds 2011/02/16 v1.5 Avoid name clashes with e-TeX commands (HO)
Package etexcmds Info: Could not find \expanded.
(etexcmds)             That can mean that you are not using pdfTeX 1.50 or
(etexcmds)             that some package has redefined \expanded.
(etexcmds)             In the latter case, load this package earlier.
)))
Package grfext Info: Graphics extension search list:
(grfext)             [.png,.pdf,.jpg,.mps,.jpeg,.jbig2,.jb2,.PNG,.PDF,.JPG,.JPE
G,.JBIG2,.JB2,.eps]
(grfext)             \AppendGraphicsExtensions on input line 452.

(/usr/local/texlive/2012/texmf-dist/tex/latex/latexconfig/epstopdf-sys.cfg
File: epstopdf-sys.cfg 2010/07/13 v1.3 Configuration of (r)epstopdf for TeX Liv
e
))
*geometry* driver: auto-detecting
*geometry* detected driver: pdftex
*geometry* verbose mode - [ preamble ] result:
* driver: pdftex
* paper: <default>
* layout: <same size as paper>
* layoutoffset:(h,v)=(0.0pt,0.0pt)
* modes: 
* h-part:(L,W,R)=(36.135pt, 542.02501pt, 36.135pt)
* v-part:(T,H,B)=(36.135pt, 722.7pt, 36.135pt)
* \paperwidth=614.295pt
* \paperheight=794.96999pt
* \textwidth=542.02501pt
* \textheight=722.7pt
* \oddsidemargin=-36.135pt
* \evensidemargin=-36.135pt
* \topmargin=-73.135pt
* \headheight=12.0pt
* \headsep=25.0pt
* \topskip=10.0pt
* \footskip=30.0pt
* \marginparwidth=65.0pt
* \marginparsep=11.0pt
* \columnsep=10.0pt
* \skip\footins=9.0pt plus 4.0pt minus 2.0pt
* \hoffset=0.0pt
* \voffset=0.0pt
* \mag=1000
* \@twocolumnfalse
* \@twosidefalse
* \@mparswitchfalse
* \@reversemarginfalse
* (1in=72.27pt=25.4mm, 1cm=28.453pt)


Underfull \hbox (badness 10000) in paragraph at lines 79--80

 []


Underfull \hbox (badness 10000) in paragraph at lines 89--90

 []


Underfull \hbox (badness 10000) in paragraph at lines 91--93

 []

[1

{/usr/local/texlive/2012/texmf-var/fonts/map/pdftex/updmap/pdftex.map}]
Underfull \hbox (badness 10000) in paragraph at lines 94--95

 []


Underfull \hbox (badness 10000) in paragraph at lines 96--97

 []


Underfull \hbox (badness 10000) in paragraph at lines 98--99

 []


Underfull \hbox (badness 10000) in paragraph at lines 100--101

 []


Underfull \hbox (badness 10000) in paragraph at lines 102--103

 []


Underfull \hbox (badness 10000) in paragraph at lines 104--105

 []

<../figures/node135example.png, id=11, 1166.3575pt x 2839.60875pt>
File: ../figures/node135example.png Graphic file (type png)

<use ../figures/node135example.png>
Package pdftex.def Info: ../figures/node135example.png used on input line 111.
(pdftex.def)             Requested size: 116.64258pt x 283.97751pt.


Package wrapfig Warning: Collision between wrapping environments on input line 
126.

<../figures/voltagecalibration.png, id=13, 594.22pt x 605.26125pt>
File: ../figures/voltagecalibration.png Graphic file (type png)

<use ../figures/voltagecalibration.png>
Package pdftex.def Info: ../figures/voltagecalibration.png used on input line 1
29.
(pdftex.def)             Requested size: 196.34708pt x 200.0pt.


Package wrapfig Warning: Stationary wrapfigure forced to float on input line 13
4.

[2 <../figures/node135example.png>]
<../figures/volthumid.png, id=22, 690.58pt x 605.26125pt>
File: ../figures/volthumid.png Graphic file (type png)

<use ../figures/volthumid.png>
Package pdftex.def Info: ../figures/volthumid.png used on input line 146.
(pdftex.def)             Requested size: 180.0pt x 157.76134pt.

<../figures/volttemp.png, id=23, 690.58pt x 605.26125pt>
File: ../figures/volttemp.png Graphic file (type png)

<use ../figures/volttemp.png>
Package pdftex.def Info: ../figures/volttemp.png used on input line 153.
(pdftex.def)             Requested size: 180.0pt x 157.76134pt.

<../figures/voltbot.png, id=24, 690.58pt x 605.26125pt>
File: ../figures/voltbot.png Graphic file (type png)

<use ../figures/voltbot.png>
Package pdftex.def Info: ../figures/voltbot.png used on input line 165.
(pdftex.def)             Requested size: 180.0pt x 157.76134pt.

<../figures/volttop.png, id=25, 690.58pt x 605.26125pt>
File: ../figures/volttop.png Graphic file (type png)

<use ../figures/volttop.png>
Package pdftex.def Info: ../figures/volttop.png used on input line 172.
(pdftex.def)             Requested size: 180.0pt x 157.76134pt.

<../figures/plot1.png, id=26, 619.31375pt x 605.26125pt>
File: ../figures/plot1.png Graphic file (type png)

<use ../figures/plot1.png>
Package pdftex.def Info: ../figures/plot1.png used on input line 186.
(pdftex.def)             Requested size: 379.41585pt x 370.82503pt.

<../figures/plot2.png, id=27, 447.6725pt x 605.26125pt>
File: ../figures/plot2.png Graphic file (type png)

<use ../figures/plot2.png>
Package pdftex.def Info: ../figures/plot2.png used on input line 192.
(pdftex.def)             Requested size: 162.61012pt x 299.99774pt.
 [3 <../figures/voltagecalibration.png> <../figures/volthumid.png> <../figures/
volttemp.png> <../figures/voltbot.png> <../figures/volttop.png>]
Underfull \hbox (badness 10000) in paragraph at lines 198--199

 []

<../figures/tempheight.png, id=36, 594.22pt x 605.26125pt>
File: ../figures/tempheight.png Graphic file (type png)

<use ../figures/tempheight.png>
Package pdftex.def Info: ../figures/tempheight.png used on input line 205.
(pdftex.def)             Requested size: 271.0125pt x 276.05925pt.

<../figures/humidepoch.png, id=37, 678.535pt x 605.26125pt>
File: ../figures/humidepoch.png Graphic file (type png)

<use ../figures/humidepoch.png>
Package pdftex.def Info: ../figures/humidepoch.png used on input line 211.
(pdftex.def)             Requested size: 271.0125pt x 241.74pt.
 [4 <../figures/plot1.png> <../figures/plot2.png>] <../figures/hum2.png, id=43,
 594.22pt x 605.26125pt>
File: ../figures/hum2.png Graphic file (type png)

<use ../figures/hum2.png>
Package pdftex.def Info: ../figures/hum2.png used on input line 223.
(pdftex.def)             Requested size: 271.0125pt x 276.05925pt.
 <../figures/hum1.png, id=44, 594.22pt x 605.26125pt>
File: ../figures/hum1.png Graphic file (type png)

<use ../figures/hum1.png>
Package pdftex.def Info: ../figures/hum1.png used on input line 229.
(pdftex.def)             Requested size: 271.0125pt x 276.05925pt.


./Writeup1.tex:235: LaTeX Error: There's no line here to end.

See the LaTeX manual or LaTeX Companion for explanation.
Type  H <return>  for immediate help.
 ...                                              
                                                  
l.235 
      
? 
<../figures/hamabotdirec.png, id=45, 594.22pt x 605.26125pt>
File: ../figures/hamabotdirec.png Graphic file (type png)

<use ../figures/hamabotdirec.png>
Package pdftex.def Info: ../figures/hamabotdirec.png used on input line 242.
(pdftex.def)             Requested size: 271.0125pt x 276.05925pt.

<../figures/hamaheight.png, id=46, 594.22pt x 605.26125pt>
File: ../figures/hamaheight.png Graphic file (type png)

<use ../figures/hamaheight.png>
Package pdftex.def Info: ../figures/hamaheight.png used on input line 247.
(pdftex.def)             Requested size: 271.0125pt x 276.05925pt.
 [5 <../figures/tempheight.png> <../figures/humidepoch.png> <../figures/hum2.pn
g> <../figures/hum1.png>]
<../figures/42epochtemphumid.png, id=54, 594.22pt x 605.26125pt>
File: ../figures/42epochtemphumid.png Graphic file (type png)

<use ../figures/42epochtemphumid.png>
Package pdftex.def Info: ../figures/42epochtemphumid.png used on input line 257
.
(pdftex.def)             Requested size: 271.0125pt x 276.05925pt.

<../figures/42temphumid.png, id=55, 594.22pt x 605.26125pt>
File: ../figures/42temphumid.png Graphic file (type png)

<use ../figures/42temphumid.png>
Package pdftex.def Info: ../figures/42temphumid.png used on input line 263.
(pdftex.def)             Requested size: 271.0125pt x 276.05925pt.
 [6 <../figures/hamabotdirec.png> <../figures/hamaheight.png> <../figures/42epo
chtemphumid.png> <../figures/42temphumid.png>]
<../figures/top5humidtemp.png, id=63, 726.715pt x 605.26125pt>
File: ../figures/top5humidtemp.png Graphic file (type png)

<use ../figures/top5humidtemp.png>
Package pdftex.def Info: ../figures/top5humidtemp.png used on input line 275.
(pdftex.def)             Requested size: 325.2183pt x 270.86888pt.

<../figures/top5hama.png, id=64, 726.715pt x 605.26125pt>
File: ../figures/top5hama.png Graphic file (type png)

<use ../figures/top5hama.png>
Package pdftex.def Info: ../figures/top5hama.png used on input line 297.
(pdftex.def)             Requested size: 271.0125pt x 225.7256pt.

<../figures/top5hama2.png, id=65, 726.715pt x 605.26125pt>
File: ../figures/top5hama2.png Graphic file (type png)

<use ../figures/top5hama2.png>
Package pdftex.def Info: ../figures/top5hama2.png used on input line 303.
(pdftex.def)             Requested size: 271.0125pt x 225.7256pt.

Underfull \hbox (badness 10000) in paragraph at lines 311--312

 []

[7 <../figures/top5humidtemp.png> <../figures/top5hama.png> <../figures/top5ham
a2.png>]
Underfull \hbox (badness 10000) in paragraph at lines 313--314

 []


Underfull \hbox (badness 10000) in paragraph at lines 316--317

 []


Underfull \hbox (badness 10000) in paragraph at lines 318--319

 []

<../figures/tempheightepoch.png, id=73, 1056.94875pt x 605.26125pt>
File: ../figures/tempheightepoch.png Graphic file (type png)

<use ../figures/tempheightepoch.png>
Package pdftex.def Info: ../figures/tempheightepoch.png used on input line 331.

(pdftex.def)             Requested size: 542.02501pt x 310.38771pt.
 [8]
<../figures/samplehama.png, id=77, 1083.04625pt x 605.26125pt>
File: ../figures/samplehama.png Graphic file (type png)

<use ../figures/samplehama.png>
Package pdftex.def Info: ../figures/samplehama.png used on input line 338.
(pdftex.def)             Requested size: 542.02501pt x 302.91617pt.

<../figures/hamatime.png, id=78, 850.17625pt x 605.26125pt>
File: ../figures/hamatime.png Graphic file (type png)

<use ../figures/hamatime.png>
Package pdftex.def Info: ../figures/hamatime.png used on input line 348.
(pdftex.def)             Requested size: 542.0483pt x 349.9989pt.

<../figures/boxplothama.png, id=79, 850.17625pt x 605.26125pt>
File: ../figures/boxplothama.png Graphic file (type png)

<use ../figures/boxplothama.png>
Package pdftex.def Info: ../figures/boxplothama.png used on input line 352.
(pdftex.def)             Requested size: 542.0483pt x 349.9989pt.
 [9 <../figures/tempheightepoch.png> <../figures/samplehama.png>]
Overfull \vbox (55.97832pt too high) has occurred while \output is active []


[10 <../figures/hamatime.png> <../figures/boxplothama.png>]
<../figures/humidtemp7000.png, id=90, 751.80875pt x 605.26125pt>
File: ../figures/humidtemp7000.png Graphic file (type png)

<use ../figures/humidtemp7000.png>
Package pdftex.def Info: ../figures/humidtemp7000.png used on input line 364.
(pdftex.def)             Requested size: 542.02501pt x 436.3973pt.
 [11 <../figures/humidtemp7000.png>] [12]
(./Writeup1.aux)

LaTeX Warning: Label(s) may have changed. Rerun to get cross-references right.

 ) 
Here is how much of TeX's memory you used:
 3146 strings out of 493488
 44411 string characters out of 3141326
 117328 words of memory out of 3000000
 6377 multiletter control sequences out of 15000+200000
 9376 words of font info for 34 fonts, out of 3000000 for 9000
 957 hyphenation exceptions out of 8191
 38i,11n,43p,1539b,300s stack positions out of 5000i,500n,10000p,200000b,50000s
</usr/local/texlive/2012/texmf-dist/fonts/type1/public/amsfonts/cm/cmbx10.pfb
></usr/local/texlive/2012/texmf-dist/fonts/type1/public/amsfonts/cm/cmbx12.pfb>
</usr/local/texlive/2012/texmf-dist/fonts/type1/public/amsfonts/cm/cmmi10.pfb><
/usr/local/texlive/2012/texmf-dist/fonts/type1/public/amsfonts/cm/cmr10.pfb></u
sr/local/texlive/2012/texmf-dist/fonts/type1/public/amsfonts/cm/cmr12.pfb></usr
/local/texlive/2012/texmf-dist/fonts/type1/public/amsfonts/cm/cmr17.pfb></usr/l
ocal/texlive/2012/texmf-dist/fonts/type1/public/amsfonts/cm/cmsl10.pfb></usr/lo
cal/texlive/2012/texmf-dist/fonts/type1/public/amsfonts/cm/cmsy10.pfb></usr/loc
al/texlive/2012/texmf-dist/fonts/type1/public/amsfonts/cm/cmsy7.pfb>
Output written on Writeup1.pdf (12 pages, 3264391 bytes).
PDF statistics:
 128 PDF objects out of 1000 (max. 8388607)
 56 compressed objects within 1 object stream
 0 named destinations out of 1000 (max. 500000)
 121 words of extra memory for PDF output out of 10000 (max. 10000000)

